  Bones.cpp
D:\Oscar Mendoza Toledo\Documents\Ingenieria\10Semestre\CGA\PF_Mendoza_Oscar\CGALib\include\Headers\Bones.h(111,38): warning C4251: 'Bones::m_BoneMapping': class 'std::map<std::string,unsigned int,std::less<std::string>,std::allocator<std::pair<const std::string,unsigned int>>>' needs to have dll-interface to be used by clients of class 'Bones'
D:\Oscar Mendoza Toledo\Documents\Ingenieria\10Semestre\CGA\PF_Mendoza_Oscar\CGALib\include\Headers\Bones.h(111): message : see declaration of 'std::map<std::string,unsigned int,std::less<std::string>,std::allocator<std::pair<const std::string,unsigned int>>>'
D:\Oscar Mendoza Toledo\Documents\Ingenieria\10Semestre\CGA\PF_Mendoza_Oscar\CGALib\include\Headers\Bones.h(112,24): warning C4251: 'Bones::m_BoneInfo': class 'std::vector<Bones::BoneInfo,std::allocator<Bones::BoneInfo>>' needs to have dll-interface to be used by clients of class 'Bones'
D:\Oscar Mendoza Toledo\Documents\Ingenieria\10Semestre\CGA\PF_Mendoza_Oscar\CGALib\include\Headers\Bones.h(112): message : see declaration of 'std::vector<Bones::BoneInfo,std::allocator<Bones::BoneInfo>>'
D:\Oscar Mendoza Toledo\Documents\Ingenieria\10Semestre\CGA\PF_Mendoza_Oscar\CGALib\include\Headers\Bones.h(113,30): warning C4251: 'Bones::bones': class 'std::vector<Bones::VertexBoneData,std::allocator<Bones::VertexBoneData>>' needs to have dll-interface to be used by clients of class 'Bones'
D:\Oscar Mendoza Toledo\Documents\Ingenieria\10Semestre\CGA\PF_Mendoza_Oscar\CGALib\include\Headers\Bones.h(113): message : see declaration of 'std::vector<Bones::VertexBoneData,std::allocator<Bones::VertexBoneData>>'
D:\Oscar Mendoza Toledo\Documents\Ingenieria\10Semestre\CGA\PF_Mendoza_Oscar\CGALib\src\Bones.cpp(88,29): warning C4018: '<': signed/unsigned mismatch
  Box.cpp
D:\Oscar Mendoza Toledo\Documents\Ingenieria\10Semestre\CGA\PF_Mendoza_Oscar\CGALib\include\Headers\AbstractModel.h(264,12): warning C4251: 'AbstractModel::position': struct 'glm::vec<3,float,glm::packed_highp>' needs to have dll-interface to be used by clients of class 'AbstractModel'
D:\Oscar Mendoza Toledo\Documents\Ingenieria\10Semestre\CGA\PF_Mendoza_Oscar\external\glm\glm\fwd.hpp(418): message : see declaration of 'glm::vec<3,float,glm::packed_highp>'
D:\Oscar Mendoza Toledo\Documents\Ingenieria\10Semestre\CGA\PF_Mendoza_Oscar\CGALib\include\Headers\AbstractModel.h(265,12): warning C4251: 'AbstractModel::scale': struct 'glm::vec<3,float,glm::packed_highp>' needs to have dll-interface to be used by clients of class 'AbstractModel'
D:\Oscar Mendoza Toledo\Documents\Ingenieria\10Semestre\CGA\PF_Mendoza_Oscar\external\glm\glm\fwd.hpp(418): message : see declaration of 'glm::vec<3,float,glm::packed_highp>'
D:\Oscar Mendoza Toledo\Documents\Ingenieria\10Semestre\CGA\PF_Mendoza_Oscar\CGALib\include\Headers\AbstractModel.h(266,12): warning C4251: 'AbstractModel::color': struct 'glm::vec<4,float,glm::packed_highp>' needs to have dll-interface to be used by clients of class 'AbstractModel'
D:\Oscar Mendoza Toledo\Documents\Ingenieria\10Semestre\CGA\PF_Mendoza_Oscar\external\glm\glm\fwd.hpp(419): message : see declaration of 'glm::vec<4,float,glm::packed_highp>'
D:\Oscar Mendoza Toledo\Documents\Ingenieria\10Semestre\CGA\PF_Mendoza_Oscar\CGALib\include\Headers\AbstractModel.h(267,12): warning C4251: 'AbstractModel::orientation': struct 'glm::vec<3,float,glm::packed_highp>' needs to have dll-interface to be used by clients of class 'AbstractModel'
D:\Oscar Mendoza Toledo\Documents\Ingenieria\10Semestre\CGA\PF_Mendoza_Oscar\external\glm\glm\fwd.hpp(418): message : see declaration of 'glm::vec<3,float,glm::packed_highp>'
D:\Oscar Mendoza Toledo\Documents\Ingenieria\10Semestre\CGA\PF_Mendoza_Oscar\CGALib\include\Headers\AbstractModel.h(269,22): warning C4251: 'AbstractModel::vertexArray': class 'std::vector<AbstractModel::Vertex,std::allocator<AbstractModel::Vertex>>' needs to have dll-interface to be used by clients of class 'AbstractModel'
D:\Oscar Mendoza Toledo\Documents\Ingenieria\10Semestre\CGA\PF_Mendoza_Oscar\CGALib\include\Headers\AbstractModel.h(245): message : see declaration of 'std::vector<AbstractModel::Vertex,std::allocator<AbstractModel::Vertex>>'
D:\Oscar Mendoza Toledo\Documents\Ingenieria\10Semestre\CGA\PF_Mendoza_Oscar\CGALib\include\Headers\AbstractModel.h(270,22): warning C4251: 'AbstractModel::index': class 'std::vector<GLuint,std::allocator<GLuint>>' needs to have dll-interface to be used by clients of class 'AbstractModel'
D:\Oscar Mendoza Toledo\Documents\Ingenieria\10Semestre\CGA\PF_Mendoza_Oscar\CGALib\include\Headers\AbstractModel.h(270): message : see declaration of 'std::vector<GLuint,std::allocator<GLuint>>'
D:\Oscar Mendoza Toledo\Documents\Ingenieria\10Semestre\CGA\PF_Mendoza_Oscar\CGALib\include\Headers\AbstractModel.h(271,7): warning C4251: 'AbstractModel::aabb': class 'AbstractModel::AABB' needs to have dll-interface to be used by clients of class 'AbstractModel'
D:\Oscar Mendoza Toledo\Documents\Ingenieria\10Semestre\CGA\PF_Mendoza_Oscar\CGALib\include\Headers\AbstractModel.h(65): message : see declaration of 'AbstractModel::AABB'
D:\Oscar Mendoza Toledo\Documents\Ingenieria\10Semestre\CGA\PF_Mendoza_Oscar\CGALib\include\Headers\AbstractModel.h(272,6): warning C4251: 'AbstractModel::sbb': class 'AbstractModel::SBB' needs to have dll-interface to be used by clients of class 'AbstractModel'
D:\Oscar Mendoza Toledo\Documents\Ingenieria\10Semestre\CGA\PF_Mendoza_Oscar\CGALib\include\Headers\AbstractModel.h(51): message : see declaration of 'AbstractModel::SBB'
D:\Oscar Mendoza Toledo\Documents\Ingenieria\10Semestre\CGA\PF_Mendoza_Oscar\CGALib\include\Headers\AbstractModel.h(273,6): warning C4251: 'AbstractModel::obb': class 'AbstractModel::OBB' needs to have dll-interface to be used by clients of class 'AbstractModel'
D:\Oscar Mendoza Toledo\Documents\Ingenieria\10Semestre\CGA\PF_Mendoza_Oscar\CGALib\include\Headers\AbstractModel.h(94): message : see declaration of 'AbstractModel::OBB'
D:\Oscar Mendoza Toledo\Documents\Ingenieria\10Semestre\CGA\PF_Mendoza_Oscar\CGALib\include\Headers\AbstractModel.h(75,17): warning C4244: '=': conversion from 'double' to 'T', possible loss of data
          with
          [
              T=float
          ]
D:\Oscar Mendoza Toledo\Documents\Ingenieria\10Semestre\CGA\PF_Mendoza_Oscar\CGALib\include\Headers\AbstractModel.h(76,17): warning C4244: '=': conversion from 'double' to 'T', possible loss of data
          with
          [
              T=float
          ]
D:\Oscar Mendoza Toledo\Documents\Ingenieria\10Semestre\CGA\PF_Mendoza_Oscar\CGALib\include\Headers\AbstractModel.h(77,17): warning C4244: '=': conversion from 'double' to 'T', possible loss of data
          with
          [
              T=float
          ]
D:\Oscar Mendoza Toledo\Documents\Ingenieria\10Semestre\CGA\PF_Mendoza_Oscar\CGALib\include\Headers\AbstractModel.h(78,17): warning C4244: '=': conversion from 'double' to 'T', possible loss of data
          with
          [
              T=float
          ]
D:\Oscar Mendoza Toledo\Documents\Ingenieria\10Semestre\CGA\PF_Mendoza_Oscar\CGALib\include\Headers\AbstractModel.h(79,17): warning C4244: '=': conversion from 'double' to 'T', possible loss of data
          with
          [
              T=float
          ]
D:\Oscar Mendoza Toledo\Documents\Ingenieria\10Semestre\CGA\PF_Mendoza_Oscar\CGALib\include\Headers\AbstractModel.h(80,17): warning C4244: '=': conversion from 'double' to 'T', possible loss of data
          with
          [
              T=float
          ]
D:\Oscar Mendoza Toledo\Documents\Ingenieria\10Semestre\CGA\PF_Mendoza_Oscar\CGALib\include\Headers\Box.h(37,7): warning C4251: 'Box::aabb': class 'AbstractModel::AABB' needs to have dll-interface to be used by clients of class 'Box'
D:\Oscar Mendoza Toledo\Documents\Ingenieria\10Semestre\CGA\PF_Mendoza_Oscar\CGALib\include\Headers\AbstractModel.h(65): message : see declaration of 'AbstractModel::AABB'
  Cylinder.cpp
D:\Oscar Mendoza Toledo\Documents\Ingenieria\10Semestre\CGA\PF_Mendoza_Oscar\CGALib\include\Headers\AbstractModel.h(264,12): warning C4251: 'AbstractModel::position': struct 'glm::vec<3,float,glm::packed_highp>' needs to have dll-interface to be used by clients of class 'AbstractModel'
D:\Oscar Mendoza Toledo\Documents\Ingenieria\10Semestre\CGA\PF_Mendoza_Oscar\external\glm\glm\fwd.hpp(418): message : see declaration of 'glm::vec<3,float,glm::packed_highp>'
D:\Oscar Mendoza Toledo\Documents\Ingenieria\10Semestre\CGA\PF_Mendoza_Oscar\CGALib\include\Headers\AbstractModel.h(265,12): warning C4251: 'AbstractModel::scale': struct 'glm::vec<3,float,glm::packed_highp>' needs to have dll-interface to be used by clients of class 'AbstractModel'
D:\Oscar Mendoza Toledo\Documents\Ingenieria\10Semestre\CGA\PF_Mendoza_Oscar\external\glm\glm\fwd.hpp(418): message : see declaration of 'glm::vec<3,float,glm::packed_highp>'
D:\Oscar Mendoza Toledo\Documents\Ingenieria\10Semestre\CGA\PF_Mendoza_Oscar\CGALib\include\Headers\AbstractModel.h(266,12): warning C4251: 'AbstractModel::color': struct 'glm::vec<4,float,glm::packed_highp>' needs to have dll-interface to be used by clients of class 'AbstractModel'
D:\Oscar Mendoza Toledo\Documents\Ingenieria\10Semestre\CGA\PF_Mendoza_Oscar\external\glm\glm\fwd.hpp(419): message : see declaration of 'glm::vec<4,float,glm::packed_highp>'
D:\Oscar Mendoza Toledo\Documents\Ingenieria\10Semestre\CGA\PF_Mendoza_Oscar\CGALib\include\Headers\AbstractModel.h(267,12): warning C4251: 'AbstractModel::orientation': struct 'glm::vec<3,float,glm::packed_highp>' needs to have dll-interface to be used by clients of class 'AbstractModel'
D:\Oscar Mendoza Toledo\Documents\Ingenieria\10Semestre\CGA\PF_Mendoza_Oscar\external\glm\glm\fwd.hpp(418): message : see declaration of 'glm::vec<3,float,glm::packed_highp>'
D:\Oscar Mendoza Toledo\Documents\Ingenieria\10Semestre\CGA\PF_Mendoza_Oscar\CGALib\include\Headers\AbstractModel.h(269,22): warning C4251: 'AbstractModel::vertexArray': class 'std::vector<AbstractModel::Vertex,std::allocator<AbstractModel::Vertex>>' needs to have dll-interface to be used by clients of class 'AbstractModel'
D:\Oscar Mendoza Toledo\Documents\Ingenieria\10Semestre\CGA\PF_Mendoza_Oscar\CGALib\include\Headers\AbstractModel.h(245): message : see declaration of 'std::vector<AbstractModel::Vertex,std::allocator<AbstractModel::Vertex>>'
D:\Oscar Mendoza Toledo\Documents\Ingenieria\10Semestre\CGA\PF_Mendoza_Oscar\CGALib\include\Headers\AbstractModel.h(270,22): warning C4251: 'AbstractModel::index': class 'std::vector<GLuint,std::allocator<GLuint>>' needs to have dll-interface to be used by clients of class 'AbstractModel'
D:\Oscar Mendoza Toledo\Documents\Ingenieria\10Semestre\CGA\PF_Mendoza_Oscar\CGALib\include\Headers\AbstractModel.h(270): message : see declaration of 'std::vector<GLuint,std::allocator<GLuint>>'
D:\Oscar Mendoza Toledo\Documents\Ingenieria\10Semestre\CGA\PF_Mendoza_Oscar\CGALib\include\Headers\AbstractModel.h(271,7): warning C4251: 'AbstractModel::aabb': class 'AbstractModel::AABB' needs to have dll-interface to be used by clients of class 'AbstractModel'
D:\Oscar Mendoza Toledo\Documents\Ingenieria\10Semestre\CGA\PF_Mendoza_Oscar\CGALib\include\Headers\AbstractModel.h(65): message : see declaration of 'AbstractModel::AABB'
D:\Oscar Mendoza Toledo\Documents\Ingenieria\10Semestre\CGA\PF_Mendoza_Oscar\CGALib\include\Headers\AbstractModel.h(272,6): warning C4251: 'AbstractModel::sbb': class 'AbstractModel::SBB' needs to have dll-interface to be used by clients of class 'AbstractModel'
D:\Oscar Mendoza Toledo\Documents\Ingenieria\10Semestre\CGA\PF_Mendoza_Oscar\CGALib\include\Headers\AbstractModel.h(51): message : see declaration of 'AbstractModel::SBB'
D:\Oscar Mendoza Toledo\Documents\Ingenieria\10Semestre\CGA\PF_Mendoza_Oscar\CGALib\include\Headers\AbstractModel.h(273,6): warning C4251: 'AbstractModel::obb': class 'AbstractModel::OBB' needs to have dll-interface to be used by clients of class 'AbstractModel'
D:\Oscar Mendoza Toledo\Documents\Ingenieria\10Semestre\CGA\PF_Mendoza_Oscar\CGALib\include\Headers\AbstractModel.h(94): message : see declaration of 'AbstractModel::OBB'
D:\Oscar Mendoza Toledo\Documents\Ingenieria\10Semestre\CGA\PF_Mendoza_Oscar\CGALib\include\Headers\AbstractModel.h(75,17): warning C4244: '=': conversion from 'double' to 'T', possible loss of data
          with
          [
              T=float
          ]
D:\Oscar Mendoza Toledo\Documents\Ingenieria\10Semestre\CGA\PF_Mendoza_Oscar\CGALib\include\Headers\AbstractModel.h(76,17): warning C4244: '=': conversion from 'double' to 'T', possible loss of data
          with
          [
              T=float
          ]
D:\Oscar Mendoza Toledo\Documents\Ingenieria\10Semestre\CGA\PF_Mendoza_Oscar\CGALib\include\Headers\AbstractModel.h(77,17): warning C4244: '=': conversion from 'double' to 'T', possible loss of data
          with
          [
              T=float
          ]
D:\Oscar Mendoza Toledo\Documents\Ingenieria\10Semestre\CGA\PF_Mendoza_Oscar\CGALib\include\Headers\AbstractModel.h(78,17): warning C4244: '=': conversion from 'double' to 'T', possible loss of data
          with
          [
              T=float
          ]
D:\Oscar Mendoza Toledo\Documents\Ingenieria\10Semestre\CGA\PF_Mendoza_Oscar\CGALib\include\Headers\AbstractModel.h(79,17): warning C4244: '=': conversion from 'double' to 'T', possible loss of data
          with
          [
              T=float
          ]
D:\Oscar Mendoza Toledo\Documents\Ingenieria\10Semestre\CGA\PF_Mendoza_Oscar\CGALib\include\Headers\AbstractModel.h(80,17): warning C4244: '=': conversion from 'double' to 'T', possible loss of data
          with
          [
              T=float
          ]
D:\Oscar Mendoza Toledo\Documents\Ingenieria\10Semestre\CGA\PF_Mendoza_Oscar\CGALib\src\Cylinder.cpp(33,11): warning C4244: 'initializing': conversion from 'double' to 'float', possible loss of data
D:\Oscar Mendoza Toledo\Documents\Ingenieria\10Semestre\CGA\PF_Mendoza_Oscar\CGALib\src\Cylinder.cpp(34,11): warning C4244: 'initializing': conversion from 'double' to 'float', possible loss of data
D:\Oscar Mendoza Toledo\Documents\Ingenieria\10Semestre\CGA\PF_Mendoza_Oscar\CGALib\src\Cylinder.cpp(44,11): warning C4244: 'initializing': conversion from 'double' to 'float', possible loss of data
D:\Oscar Mendoza Toledo\Documents\Ingenieria\10Semestre\CGA\PF_Mendoza_Oscar\CGALib\src\Cylinder.cpp(45,11): warning C4244: 'initializing': conversion from 'double' to 'float', possible loss of data
  FirstPersonCamera.cpp
D:\Oscar Mendoza Toledo\Documents\Ingenieria\10Semestre\CGA\PF_Mendoza_Oscar\CGALib\include\Headers\Camera.h(111,12): warning C4251: 'Camera::position': struct 'glm::vec<3,float,glm::packed_highp>' needs to have dll-interface to be used by clients of class 'Camera'
D:\Oscar Mendoza Toledo\Documents\Ingenieria\10Semestre\CGA\PF_Mendoza_Oscar\external\glm\glm\fwd.hpp(418): message : see declaration of 'glm::vec<3,float,glm::packed_highp>'
D:\Oscar Mendoza Toledo\Documents\Ingenieria\10Semestre\CGA\PF_Mendoza_Oscar\CGALib\include\Headers\Camera.h(112,12): warning C4251: 'Camera::front': struct 'glm::vec<3,float,glm::packed_highp>' needs to have dll-interface to be used by clients of class 'Camera'
D:\Oscar Mendoza Toledo\Documents\Ingenieria\10Semestre\CGA\PF_Mendoza_Oscar\external\glm\glm\fwd.hpp(418): message : see declaration of 'glm::vec<3,float,glm::packed_highp>'
D:\Oscar Mendoza Toledo\Documents\Ingenieria\10Semestre\CGA\PF_Mendoza_Oscar\CGALib\include\Headers\Camera.h(113,12): warning C4251: 'Camera::up': struct 'glm::vec<3,float,glm::packed_highp>' needs to have dll-interface to be used by clients of class 'Camera'
D:\Oscar Mendoza Toledo\Documents\Ingenieria\10Semestre\CGA\PF_Mendoza_Oscar\external\glm\glm\fwd.hpp(418): message : see declaration of 'glm::vec<3,float,glm::packed_highp>'
D:\Oscar Mendoza Toledo\Documents\Ingenieria\10Semestre\CGA\PF_Mendoza_Oscar\CGALib\include\Headers\Camera.h(114,12): warning C4251: 'Camera::right': struct 'glm::vec<3,float,glm::packed_highp>' needs to have dll-interface to be used by clients of class 'Camera'
D:\Oscar Mendoza Toledo\Documents\Ingenieria\10Semestre\CGA\PF_Mendoza_Oscar\external\glm\glm\fwd.hpp(418): message : see declaration of 'glm::vec<3,float,glm::packed_highp>'
D:\Oscar Mendoza Toledo\Documents\Ingenieria\10Semestre\CGA\PF_Mendoza_Oscar\CGALib\include\Headers\Camera.h(115,12): warning C4251: 'Camera::worldUp': struct 'glm::vec<3,float,glm::packed_highp>' needs to have dll-interface to be used by clients of class 'Camera'
D:\Oscar Mendoza Toledo\Documents\Ingenieria\10Semestre\CGA\PF_Mendoza_Oscar\external\glm\glm\fwd.hpp(418): message : see declaration of 'glm::vec<3,float,glm::packed_highp>'
D:\Oscar Mendoza Toledo\Documents\Ingenieria\10Semestre\CGA\PF_Mendoza_Oscar\CGALib\include\Headers\Camera.h(117,12): warning C4251: 'Camera::cameraTarget': struct 'glm::vec<3,float,glm::packed_highp>' needs to have dll-interface to be used by clients of class 'Camera'
D:\Oscar Mendoza Toledo\Documents\Ingenieria\10Semestre\CGA\PF_Mendoza_Oscar\external\glm\glm\fwd.hpp(418): message : see declaration of 'glm::vec<3,float,glm::packed_highp>'
  FontTypeRendering.cpp
D:\Oscar Mendoza Toledo\Documents\Ingenieria\10Semestre\CGA\PF_Mendoza_Oscar\CGALib\src\FontTypeRendering.cpp(134,39): warning C4244: 'argument': conversion from 'double' to 'float', possible loss of data
D:\Oscar Mendoza Toledo\Documents\Ingenieria\10Semestre\CGA\PF_Mendoza_Oscar\CGALib\src\FontTypeRendering.cpp(134,31): warning C4244: 'argument': conversion from 'double' to 'float', possible loss of data
  Mesh.cpp
D:\Oscar Mendoza Toledo\Documents\Ingenieria\10Semestre\CGA\PF_Mendoza_Oscar\CGALib\include\Headers\AbstractModel.h(264,12): warning C4251: 'AbstractModel::position': struct 'glm::vec<3,float,glm::packed_highp>' needs to have dll-interface to be used by clients of class 'AbstractModel'
D:\Oscar Mendoza Toledo\Documents\Ingenieria\10Semestre\CGA\PF_Mendoza_Oscar\external\glm\glm\fwd.hpp(418): message : see declaration of 'glm::vec<3,float,glm::packed_highp>'
D:\Oscar Mendoza Toledo\Documents\Ingenieria\10Semestre\CGA\PF_Mendoza_Oscar\CGALib\include\Headers\AbstractModel.h(265,12): warning C4251: 'AbstractModel::scale': struct 'glm::vec<3,float,glm::packed_highp>' needs to have dll-interface to be used by clients of class 'AbstractModel'
D:\Oscar Mendoza Toledo\Documents\Ingenieria\10Semestre\CGA\PF_Mendoza_Oscar\external\glm\glm\fwd.hpp(418): message : see declaration of 'glm::vec<3,float,glm::packed_highp>'
D:\Oscar Mendoza Toledo\Documents\Ingenieria\10Semestre\CGA\PF_Mendoza_Oscar\CGALib\include\Headers\AbstractModel.h(266,12): warning C4251: 'AbstractModel::color': struct 'glm::vec<4,float,glm::packed_highp>' needs to have dll-interface to be used by clients of class 'AbstractModel'
D:\Oscar Mendoza Toledo\Documents\Ingenieria\10Semestre\CGA\PF_Mendoza_Oscar\external\glm\glm\fwd.hpp(419): message : see declaration of 'glm::vec<4,float,glm::packed_highp>'
D:\Oscar Mendoza Toledo\Documents\Ingenieria\10Semestre\CGA\PF_Mendoza_Oscar\CGALib\include\Headers\AbstractModel.h(267,12): warning C4251: 'AbstractModel::orientation': struct 'glm::vec<3,float,glm::packed_highp>' needs to have dll-interface to be used by clients of class 'AbstractModel'
D:\Oscar Mendoza Toledo\Documents\Ingenieria\10Semestre\CGA\PF_Mendoza_Oscar\external\glm\glm\fwd.hpp(418): message : see declaration of 'glm::vec<3,float,glm::packed_highp>'
D:\Oscar Mendoza Toledo\Documents\Ingenieria\10Semestre\CGA\PF_Mendoza_Oscar\CGALib\include\Headers\AbstractModel.h(269,22): warning C4251: 'AbstractModel::vertexArray': class 'std::vector<AbstractModel::Vertex,std::allocator<AbstractModel::Vertex>>' needs to have dll-interface to be used by clients of class 'AbstractModel'
D:\Oscar Mendoza Toledo\Documents\Ingenieria\10Semestre\CGA\PF_Mendoza_Oscar\CGALib\include\Headers\AbstractModel.h(245): message : see declaration of 'std::vector<AbstractModel::Vertex,std::allocator<AbstractModel::Vertex>>'
D:\Oscar Mendoza Toledo\Documents\Ingenieria\10Semestre\CGA\PF_Mendoza_Oscar\CGALib\include\Headers\AbstractModel.h(270,22): warning C4251: 'AbstractModel::index': class 'std::vector<GLuint,std::allocator<GLuint>>' needs to have dll-interface to be used by clients of class 'AbstractModel'
D:\Oscar Mendoza Toledo\Documents\Ingenieria\10Semestre\CGA\PF_Mendoza_Oscar\CGALib\include\Headers\AbstractModel.h(270): message : see declaration of 'std::vector<GLuint,std::allocator<GLuint>>'
D:\Oscar Mendoza Toledo\Documents\Ingenieria\10Semestre\CGA\PF_Mendoza_Oscar\CGALib\include\Headers\AbstractModel.h(271,7): warning C4251: 'AbstractModel::aabb': class 'AbstractModel::AABB' needs to have dll-interface to be used by clients of class 'AbstractModel'
D:\Oscar Mendoza Toledo\Documents\Ingenieria\10Semestre\CGA\PF_Mendoza_Oscar\CGALib\include\Headers\AbstractModel.h(65): message : see declaration of 'AbstractModel::AABB'
D:\Oscar Mendoza Toledo\Documents\Ingenieria\10Semestre\CGA\PF_Mendoza_Oscar\CGALib\include\Headers\AbstractModel.h(272,6): warning C4251: 'AbstractModel::sbb': class 'AbstractModel::SBB' needs to have dll-interface to be used by clients of class 'AbstractModel'
D:\Oscar Mendoza Toledo\Documents\Ingenieria\10Semestre\CGA\PF_Mendoza_Oscar\CGALib\include\Headers\AbstractModel.h(51): message : see declaration of 'AbstractModel::SBB'
D:\Oscar Mendoza Toledo\Documents\Ingenieria\10Semestre\CGA\PF_Mendoza_Oscar\CGALib\include\Headers\AbstractModel.h(273,6): warning C4251: 'AbstractModel::obb': class 'AbstractModel::OBB' needs to have dll-interface to be used by clients of class 'AbstractModel'
D:\Oscar Mendoza Toledo\Documents\Ingenieria\10Semestre\CGA\PF_Mendoza_Oscar\CGALib\include\Headers\AbstractModel.h(94): message : see declaration of 'AbstractModel::OBB'
D:\Oscar Mendoza Toledo\Documents\Ingenieria\10Semestre\CGA\PF_Mendoza_Oscar\CGALib\include\Headers\AbstractModel.h(75,17): warning C4244: '=': conversion from 'double' to 'T', possible loss of data
          with
          [
              T=float
          ]
D:\Oscar Mendoza Toledo\Documents\Ingenieria\10Semestre\CGA\PF_Mendoza_Oscar\CGALib\include\Headers\AbstractModel.h(76,17): warning C4244: '=': conversion from 'double' to 'T', possible loss of data
          with
          [
              T=float
          ]
D:\Oscar Mendoza Toledo\Documents\Ingenieria\10Semestre\CGA\PF_Mendoza_Oscar\CGALib\include\Headers\AbstractModel.h(77,17): warning C4244: '=': conversion from 'double' to 'T', possible loss of data
          with
          [
              T=float
          ]
D:\Oscar Mendoza Toledo\Documents\Ingenieria\10Semestre\CGA\PF_Mendoza_Oscar\CGALib\include\Headers\AbstractModel.h(78,17): warning C4244: '=': conversion from 'double' to 'T', possible loss of data
          with
          [
              T=float
          ]
D:\Oscar Mendoza Toledo\Documents\Ingenieria\10Semestre\CGA\PF_Mendoza_Oscar\CGALib\include\Headers\AbstractModel.h(79,17): warning C4244: '=': conversion from 'double' to 'T', possible loss of data
          with
          [
              T=float
          ]
D:\Oscar Mendoza Toledo\Documents\Ingenieria\10Semestre\CGA\PF_Mendoza_Oscar\CGALib\include\Headers\AbstractModel.h(80,17): warning C4244: '=': conversion from 'double' to 'T', possible loss of data
          with
          [
              T=float
          ]
D:\Oscar Mendoza Toledo\Documents\Ingenieria\10Semestre\CGA\PF_Mendoza_Oscar\CGALib\include\Headers\Texture.h(66,14): warning C4251: 'Texture::m_fileName': class 'std::basic_string<char,std::char_traits<char>,std::allocator<char>>' needs to have dll-interface to be used by clients of class 'Texture'
C:\Program Files (x86)\Microsoft Visual Studio\2019\Community\VC\Tools\MSVC\14.29.30037\include\xstring(4905): message : see declaration of 'std::basic_string<char,std::char_traits<char>,std::allocator<char>>'
D:\Oscar Mendoza Toledo\Documents\Ingenieria\10Semestre\CGA\PF_Mendoza_Oscar\CGALib\include\Headers\Texture.h(69,14): warning C4251: 'Texture::type': class 'std::basic_string<char,std::char_traits<char>,std::allocator<char>>' needs to have dll-interface to be used by clients of class 'Texture'
C:\Program Files (x86)\Microsoft Visual Studio\2019\Community\VC\Tools\MSVC\14.29.30037\include\xstring(4905): message : see declaration of 'std::basic_string<char,std::char_traits<char>,std::allocator<char>>'
D:\Oscar Mendoza Toledo\Documents\Ingenieria\10Semestre\CGA\PF_Mendoza_Oscar\CGALib\include\Headers\Bones.h(111,38): warning C4251: 'Bones::m_BoneMapping': class 'std::map<std::string,unsigned int,std::less<std::string>,std::allocator<std::pair<const std::string,unsigned int>>>' needs to have dll-interface to be used by clients of class 'Bones'
D:\Oscar Mendoza Toledo\Documents\Ingenieria\10Semestre\CGA\PF_Mendoza_Oscar\CGALib\include\Headers\Bones.h(111): message : see declaration of 'std::map<std::string,unsigned int,std::less<std::string>,std::allocator<std::pair<const std::string,unsigned int>>>'
D:\Oscar Mendoza Toledo\Documents\Ingenieria\10Semestre\CGA\PF_Mendoza_Oscar\CGALib\include\Headers\Bones.h(112,24): warning C4251: 'Bones::m_BoneInfo': class 'std::vector<Bones::BoneInfo,std::allocator<Bones::BoneInfo>>' needs to have dll-interface to be used by clients of class 'Bones'
D:\Oscar Mendoza Toledo\Documents\Ingenieria\10Semestre\CGA\PF_Mendoza_Oscar\CGALib\include\Headers\Bones.h(112): message : see declaration of 'std::vector<Bones::BoneInfo,std::allocator<Bones::BoneInfo>>'
D:\Oscar Mendoza Toledo\Documents\Ingenieria\10Semestre\CGA\PF_Mendoza_Oscar\CGALib\include\Headers\Bones.h(113,30): warning C4251: 'Bones::bones': class 'std::vector<Bones::VertexBoneData,std::allocator<Bones::VertexBoneData>>' needs to have dll-interface to be used by clients of class 'Bones'
D:\Oscar Mendoza Toledo\Documents\Ingenieria\10Semestre\CGA\PF_Mendoza_Oscar\CGALib\include\Headers\Bones.h(113): message : see declaration of 'std::vector<Bones::VertexBoneData,std::allocator<Bones::VertexBoneData>>'
D:\Oscar Mendoza Toledo\Documents\Ingenieria\10Semestre\CGA\PF_Mendoza_Oscar\CGALib\include\Headers\Mesh.h(54,24): warning C4251: 'Mesh::textures': class 'std::vector<Texture *,std::allocator<Texture *>>' needs to have dll-interface to be used by clients of class 'Mesh'
D:\Oscar Mendoza Toledo\Documents\Ingenieria\10Semestre\CGA\PF_Mendoza_Oscar\CGALib\include\Headers\Mesh.h(54): message : see declaration of 'std::vector<Texture *,std::allocator<Texture *>>'
  Model.cpp
D:\Oscar Mendoza Toledo\Documents\Ingenieria\10Semestre\CGA\PF_Mendoza_Oscar\CGALib\include\Headers\AbstractModel.h(264,12): warning C4251: 'AbstractModel::position': struct 'glm::vec<3,float,glm::packed_highp>' needs to have dll-interface to be used by clients of class 'AbstractModel'
D:\Oscar Mendoza Toledo\Documents\Ingenieria\10Semestre\CGA\PF_Mendoza_Oscar\external\glm\glm\fwd.hpp(418): message : see declaration of 'glm::vec<3,float,glm::packed_highp>'
D:\Oscar Mendoza Toledo\Documents\Ingenieria\10Semestre\CGA\PF_Mendoza_Oscar\CGALib\include\Headers\AbstractModel.h(265,12): warning C4251: 'AbstractModel::scale': struct 'glm::vec<3,float,glm::packed_highp>' needs to have dll-interface to be used by clients of class 'AbstractModel'
D:\Oscar Mendoza Toledo\Documents\Ingenieria\10Semestre\CGA\PF_Mendoza_Oscar\external\glm\glm\fwd.hpp(418): message : see declaration of 'glm::vec<3,float,glm::packed_highp>'
D:\Oscar Mendoza Toledo\Documents\Ingenieria\10Semestre\CGA\PF_Mendoza_Oscar\CGALib\include\Headers\AbstractModel.h(266,12): warning C4251: 'AbstractModel::color': struct 'glm::vec<4,float,glm::packed_highp>' needs to have dll-interface to be used by clients of class 'AbstractModel'
D:\Oscar Mendoza Toledo\Documents\Ingenieria\10Semestre\CGA\PF_Mendoza_Oscar\external\glm\glm\fwd.hpp(419): message : see declaration of 'glm::vec<4,float,glm::packed_highp>'
D:\Oscar Mendoza Toledo\Documents\Ingenieria\10Semestre\CGA\PF_Mendoza_Oscar\CGALib\include\Headers\AbstractModel.h(267,12): warning C4251: 'AbstractModel::orientation': struct 'glm::vec<3,float,glm::packed_highp>' needs to have dll-interface to be used by clients of class 'AbstractModel'
D:\Oscar Mendoza Toledo\Documents\Ingenieria\10Semestre\CGA\PF_Mendoza_Oscar\external\glm\glm\fwd.hpp(418): message : see declaration of 'glm::vec<3,float,glm::packed_highp>'
D:\Oscar Mendoza Toledo\Documents\Ingenieria\10Semestre\CGA\PF_Mendoza_Oscar\CGALib\include\Headers\AbstractModel.h(269,22): warning C4251: 'AbstractModel::vertexArray': class 'std::vector<AbstractModel::Vertex,std::allocator<AbstractModel::Vertex>>' needs to have dll-interface to be used by clients of class 'AbstractModel'
D:\Oscar Mendoza Toledo\Documents\Ingenieria\10Semestre\CGA\PF_Mendoza_Oscar\CGALib\include\Headers\AbstractModel.h(245): message : see declaration of 'std::vector<AbstractModel::Vertex,std::allocator<AbstractModel::Vertex>>'
D:\Oscar Mendoza Toledo\Documents\Ingenieria\10Semestre\CGA\PF_Mendoza_Oscar\CGALib\include\Headers\AbstractModel.h(270,22): warning C4251: 'AbstractModel::index': class 'std::vector<GLuint,std::allocator<GLuint>>' needs to have dll-interface to be used by clients of class 'AbstractModel'
D:\Oscar Mendoza Toledo\Documents\Ingenieria\10Semestre\CGA\PF_Mendoza_Oscar\CGALib\include\Headers\AbstractModel.h(270): message : see declaration of 'std::vector<GLuint,std::allocator<GLuint>>'
D:\Oscar Mendoza Toledo\Documents\Ingenieria\10Semestre\CGA\PF_Mendoza_Oscar\CGALib\include\Headers\AbstractModel.h(271,7): warning C4251: 'AbstractModel::aabb': class 'AbstractModel::AABB' needs to have dll-interface to be used by clients of class 'AbstractModel'
D:\Oscar Mendoza Toledo\Documents\Ingenieria\10Semestre\CGA\PF_Mendoza_Oscar\CGALib\include\Headers\AbstractModel.h(65): message : see declaration of 'AbstractModel::AABB'
D:\Oscar Mendoza Toledo\Documents\Ingenieria\10Semestre\CGA\PF_Mendoza_Oscar\CGALib\include\Headers\AbstractModel.h(272,6): warning C4251: 'AbstractModel::sbb': class 'AbstractModel::SBB' needs to have dll-interface to be used by clients of class 'AbstractModel'
D:\Oscar Mendoza Toledo\Documents\Ingenieria\10Semestre\CGA\PF_Mendoza_Oscar\CGALib\include\Headers\AbstractModel.h(51): message : see declaration of 'AbstractModel::SBB'
D:\Oscar Mendoza Toledo\Documents\Ingenieria\10Semestre\CGA\PF_Mendoza_Oscar\CGALib\include\Headers\AbstractModel.h(273,6): warning C4251: 'AbstractModel::obb': class 'AbstractModel::OBB' needs to have dll-interface to be used by clients of class 'AbstractModel'
D:\Oscar Mendoza Toledo\Documents\Ingenieria\10Semestre\CGA\PF_Mendoza_Oscar\CGALib\include\Headers\AbstractModel.h(94): message : see declaration of 'AbstractModel::OBB'
D:\Oscar Mendoza Toledo\Documents\Ingenieria\10Semestre\CGA\PF_Mendoza_Oscar\CGALib\include\Headers\AbstractModel.h(75,17): warning C4244: '=': conversion from 'double' to 'T', possible loss of data
          with
          [
              T=float
          ]
D:\Oscar Mendoza Toledo\Documents\Ingenieria\10Semestre\CGA\PF_Mendoza_Oscar\CGALib\include\Headers\AbstractModel.h(76,17): warning C4244: '=': conversion from 'double' to 'T', possible loss of data
          with
          [
              T=float
          ]
D:\Oscar Mendoza Toledo\Documents\Ingenieria\10Semestre\CGA\PF_Mendoza_Oscar\CGALib\include\Headers\AbstractModel.h(77,17): warning C4244: '=': conversion from 'double' to 'T', possible loss of data
          with
          [
              T=float
          ]
D:\Oscar Mendoza Toledo\Documents\Ingenieria\10Semestre\CGA\PF_Mendoza_Oscar\CGALib\include\Headers\AbstractModel.h(78,17): warning C4244: '=': conversion from 'double' to 'T', possible loss of data
          with
          [
              T=float
          ]
D:\Oscar Mendoza Toledo\Documents\Ingenieria\10Semestre\CGA\PF_Mendoza_Oscar\CGALib\include\Headers\AbstractModel.h(79,17): warning C4244: '=': conversion from 'double' to 'T', possible loss of data
          with
          [
              T=float
          ]
D:\Oscar Mendoza Toledo\Documents\Ingenieria\10Semestre\CGA\PF_Mendoza_Oscar\CGALib\include\Headers\AbstractModel.h(80,17): warning C4244: '=': conversion from 'double' to 'T', possible loss of data
          with
          [
              T=float
          ]
D:\Oscar Mendoza Toledo\Documents\Ingenieria\10Semestre\CGA\PF_Mendoza_Oscar\CGALib\include\Headers\Texture.h(66,14): warning C4251: 'Texture::m_fileName': class 'std::basic_string<char,std::char_traits<char>,std::allocator<char>>' needs to have dll-interface to be used by clients of class 'Texture'
C:\Program Files (x86)\Microsoft Visual Studio\2019\Community\VC\Tools\MSVC\14.29.30037\include\xstring(4905): message : see declaration of 'std::basic_string<char,std::char_traits<char>,std::allocator<char>>'
D:\Oscar Mendoza Toledo\Documents\Ingenieria\10Semestre\CGA\PF_Mendoza_Oscar\CGALib\include\Headers\Texture.h(69,14): warning C4251: 'Texture::type': class 'std::basic_string<char,std::char_traits<char>,std::allocator<char>>' needs to have dll-interface to be used by clients of class 'Texture'
C:\Program Files (x86)\Microsoft Visual Studio\2019\Community\VC\Tools\MSVC\14.29.30037\include\xstring(4905): message : see declaration of 'std::basic_string<char,std::char_traits<char>,std::allocator<char>>'
D:\Oscar Mendoza Toledo\Documents\Ingenieria\10Semestre\CGA\PF_Mendoza_Oscar\CGALib\include\Headers\Bones.h(111,38): warning C4251: 'Bones::m_BoneMapping': class 'std::map<std::string,unsigned int,std::less<std::string>,std::allocator<std::pair<const std::string,unsigned int>>>' needs to have dll-interface to be used by clients of class 'Bones'
D:\Oscar Mendoza Toledo\Documents\Ingenieria\10Semestre\CGA\PF_Mendoza_Oscar\CGALib\include\Headers\Bones.h(111): message : see declaration of 'std::map<std::string,unsigned int,std::less<std::string>,std::allocator<std::pair<const std::string,unsigned int>>>'
D:\Oscar Mendoza Toledo\Documents\Ingenieria\10Semestre\CGA\PF_Mendoza_Oscar\CGALib\include\Headers\Bones.h(112,24): warning C4251: 'Bones::m_BoneInfo': class 'std::vector<Bones::BoneInfo,std::allocator<Bones::BoneInfo>>' needs to have dll-interface to be used by clients of class 'Bones'
D:\Oscar Mendoza Toledo\Documents\Ingenieria\10Semestre\CGA\PF_Mendoza_Oscar\CGALib\include\Headers\Bones.h(112): message : see declaration of 'std::vector<Bones::BoneInfo,std::allocator<Bones::BoneInfo>>'
D:\Oscar Mendoza Toledo\Documents\Ingenieria\10Semestre\CGA\PF_Mendoza_Oscar\CGALib\include\Headers\Bones.h(113,30): warning C4251: 'Bones::bones': class 'std::vector<Bones::VertexBoneData,std::allocator<Bones::VertexBoneData>>' needs to have dll-interface to be used by clients of class 'Bones'
D:\Oscar Mendoza Toledo\Documents\Ingenieria\10Semestre\CGA\PF_Mendoza_Oscar\CGALib\include\Headers\Bones.h(113): message : see declaration of 'std::vector<Bones::VertexBoneData,std::allocator<Bones::VertexBoneData>>'
D:\Oscar Mendoza Toledo\Documents\Ingenieria\10Semestre\CGA\PF_Mendoza_Oscar\CGALib\include\Headers\Mesh.h(54,24): warning C4251: 'Mesh::textures': class 'std::vector<Texture *,std::allocator<Texture *>>' needs to have dll-interface to be used by clients of class 'Mesh'
D:\Oscar Mendoza Toledo\Documents\Ingenieria\10Semestre\CGA\PF_Mendoza_Oscar\CGALib\include\Headers\Mesh.h(54): message : see declaration of 'std::vector<Texture *,std::allocator<Texture *>>'
D:\Oscar Mendoza Toledo\Documents\Ingenieria\10Semestre\CGA\PF_Mendoza_Oscar\CGALib\include\Headers\Model.h(66,21): warning C4251: 'Model::meshes': class 'std::vector<Mesh *,std::allocator<Mesh *>>' needs to have dll-interface to be used by clients of class 'Model'
D:\Oscar Mendoza Toledo\Documents\Ingenieria\10Semestre\CGA\PF_Mendoza_Oscar\CGALib\include\Headers\Model.h(50): message : see declaration of 'std::vector<Mesh *,std::allocator<Mesh *>>'
D:\Oscar Mendoza Toledo\Documents\Ingenieria\10Semestre\CGA\PF_Mendoza_Oscar\CGALib\include\Headers\Model.h(67,24): warning C4251: 'Model::textureLoaded': class 'std::vector<Texture *,std::allocator<Texture *>>' needs to have dll-interface to be used by clients of class 'Model'
D:\Oscar Mendoza Toledo\Documents\Ingenieria\10Semestre\CGA\PF_Mendoza_Oscar\CGALib\include\Headers\Mesh.h(54): message : see declaration of 'std::vector<Texture *,std::allocator<Texture *>>'
D:\Oscar Mendoza Toledo\Documents\Ingenieria\10Semestre\CGA\PF_Mendoza_Oscar\CGALib\include\Headers\Model.h(68,14): warning C4251: 'Model::directory': class 'std::basic_string<char,std::char_traits<char>,std::allocator<char>>' needs to have dll-interface to be used by clients of class 'Model'
C:\Program Files (x86)\Microsoft Visual Studio\2019\Community\VC\Tools\MSVC\14.29.30037\include\xstring(4905): message : see declaration of 'std::basic_string<char,std::char_traits<char>,std::allocator<char>>'
D:\Oscar Mendoza Toledo\Documents\Ingenieria\10Semestre\CGA\PF_Mendoza_Oscar\CGALib\include\Headers\Model.h(70,12): warning C4251: 'Model::m_GlobalInverseTransform': struct 'glm::mat<4,4,glm::f32,glm::packed_highp>' needs to have dll-interface to be used by clients of class 'Model'
D:\Oscar Mendoza Toledo\Documents\Ingenieria\10Semestre\CGA\PF_Mendoza_Oscar\external\glm\glm\fwd.hpp(518): message : see declaration of 'glm::mat<4,4,glm::f32,glm::packed_highp>'
D:\Oscar Mendoza Toledo\Documents\Ingenieria\10Semestre\CGA\PF_Mendoza_Oscar\CGALib\include\Headers\Model.h(72,19): warning C4251: 'Model::importer': class 'Assimp::Importer' needs to have dll-interface to be used by clients of class 'Model'
D:\Oscar Mendoza Toledo\Documents\Ingenieria\10Semestre\CGA\PF_Mendoza_Oscar\external\assimp\include\assimp\Importer.hpp(115): message : see declaration of 'Assimp::Importer'
D:\Oscar Mendoza Toledo\Documents\Ingenieria\10Semestre\CGA\PF_Mendoza_Oscar\CGALib\src\Model.cpp(27,20): warning C4018: '<': signed/unsigned mismatch
D:\Oscar Mendoza Toledo\Documents\Ingenieria\10Semestre\CGA\PF_Mendoza_Oscar\CGALib\src\Model.cpp(32,20): warning C4244: 'initializing': conversion from 'double' to 'float', possible loss of data
D:\Oscar Mendoza Toledo\Documents\Ingenieria\10Semestre\CGA\PF_Mendoza_Oscar\CGALib\src\Model.cpp(92,55): warning C4244: '=': conversion from 'double' to 'float', possible loss of data
  Shader.cpp
  ShadowBox.cpp
D:\Oscar Mendoza Toledo\Documents\Ingenieria\10Semestre\CGA\PF_Mendoza_Oscar\CGALib\include\Headers\Camera.h(111,12): warning C4251: 'Camera::position': struct 'glm::vec<3,float,glm::packed_highp>' needs to have dll-interface to be used by clients of class 'Camera'
D:\Oscar Mendoza Toledo\Documents\Ingenieria\10Semestre\CGA\PF_Mendoza_Oscar\external\glm\glm\fwd.hpp(418): message : see declaration of 'glm::vec<3,float,glm::packed_highp>'
D:\Oscar Mendoza Toledo\Documents\Ingenieria\10Semestre\CGA\PF_Mendoza_Oscar\CGALib\include\Headers\Camera.h(112,12): warning C4251: 'Camera::front': struct 'glm::vec<3,float,glm::packed_highp>' needs to have dll-interface to be used by clients of class 'Camera'
D:\Oscar Mendoza Toledo\Documents\Ingenieria\10Semestre\CGA\PF_Mendoza_Oscar\external\glm\glm\fwd.hpp(418): message : see declaration of 'glm::vec<3,float,glm::packed_highp>'
D:\Oscar Mendoza Toledo\Documents\Ingenieria\10Semestre\CGA\PF_Mendoza_Oscar\CGALib\include\Headers\Camera.h(113,12): warning C4251: 'Camera::up': struct 'glm::vec<3,float,glm::packed_highp>' needs to have dll-interface to be used by clients of class 'Camera'
D:\Oscar Mendoza Toledo\Documents\Ingenieria\10Semestre\CGA\PF_Mendoza_Oscar\external\glm\glm\fwd.hpp(418): message : see declaration of 'glm::vec<3,float,glm::packed_highp>'
D:\Oscar Mendoza Toledo\Documents\Ingenieria\10Semestre\CGA\PF_Mendoza_Oscar\CGALib\include\Headers\Camera.h(114,12): warning C4251: 'Camera::right': struct 'glm::vec<3,float,glm::packed_highp>' needs to have dll-interface to be used by clients of class 'Camera'
D:\Oscar Mendoza Toledo\Documents\Ingenieria\10Semestre\CGA\PF_Mendoza_Oscar\external\glm\glm\fwd.hpp(418): message : see declaration of 'glm::vec<3,float,glm::packed_highp>'
D:\Oscar Mendoza Toledo\Documents\Ingenieria\10Semestre\CGA\PF_Mendoza_Oscar\CGALib\include\Headers\Camera.h(115,12): warning C4251: 'Camera::worldUp': struct 'glm::vec<3,float,glm::packed_highp>' needs to have dll-interface to be used by clients of class 'Camera'
D:\Oscar Mendoza Toledo\Documents\Ingenieria\10Semestre\CGA\PF_Mendoza_Oscar\external\glm\glm\fwd.hpp(418): message : see declaration of 'glm::vec<3,float,glm::packed_highp>'
D:\Oscar Mendoza Toledo\Documents\Ingenieria\10Semestre\CGA\PF_Mendoza_Oscar\CGALib\include\Headers\Camera.h(117,12): warning C4251: 'Camera::cameraTarget': struct 'glm::vec<3,float,glm::packed_highp>' needs to have dll-interface to be used by clients of class 'Camera'
D:\Oscar Mendoza Toledo\Documents\Ingenieria\10Semestre\CGA\PF_Mendoza_Oscar\external\glm\glm\fwd.hpp(418): message : see declaration of 'glm::vec<3,float,glm::packed_highp>'
D:\Oscar Mendoza Toledo\Documents\Ingenieria\10Semestre\CGA\PF_Mendoza_Oscar\CGALib\include\Headers\ShadowBox.h(40,11): warning C4251: 'ShadowBox::front': struct 'glm::vec<3,float,glm::packed_highp>' needs to have dll-interface to be used by clients of class 'ShadowBox'
D:\Oscar Mendoza Toledo\Documents\Ingenieria\10Semestre\CGA\PF_Mendoza_Oscar\external\glm\glm\fwd.hpp(418): message : see declaration of 'glm::vec<3,float,glm::packed_highp>'
D:\Oscar Mendoza Toledo\Documents\Ingenieria\10Semestre\CGA\PF_Mendoza_Oscar\CGALib\include\Headers\ShadowBox.h(41,11): warning C4251: 'ShadowBox::up': struct 'glm::vec<3,float,glm::packed_highp>' needs to have dll-interface to be used by clients of class 'ShadowBox'
D:\Oscar Mendoza Toledo\Documents\Ingenieria\10Semestre\CGA\PF_Mendoza_Oscar\external\glm\glm\fwd.hpp(418): message : see declaration of 'glm::vec<3,float,glm::packed_highp>'
D:\Oscar Mendoza Toledo\Documents\Ingenieria\10Semestre\CGA\PF_Mendoza_Oscar\CGALib\include\Headers\ShadowBox.h(42,11): warning C4251: 'ShadowBox::right': struct 'glm::vec<3,float,glm::packed_highp>' needs to have dll-interface to be used by clients of class 'ShadowBox'
D:\Oscar Mendoza Toledo\Documents\Ingenieria\10Semestre\CGA\PF_Mendoza_Oscar\external\glm\glm\fwd.hpp(418): message : see declaration of 'glm::vec<3,float,glm::packed_highp>'
D:\Oscar Mendoza Toledo\Documents\Ingenieria\10Semestre\CGA\PF_Mendoza_Oscar\CGALib\include\Headers\ShadowBox.h(43,11): warning C4251: 'ShadowBox::mins': struct 'glm::vec<3,float,glm::packed_highp>' needs to have dll-interface to be used by clients of class 'ShadowBox'
D:\Oscar Mendoza Toledo\Documents\Ingenieria\10Semestre\CGA\PF_Mendoza_Oscar\external\glm\glm\fwd.hpp(418): message : see declaration of 'glm::vec<3,float,glm::packed_highp>'
D:\Oscar Mendoza Toledo\Documents\Ingenieria\10Semestre\CGA\PF_Mendoza_Oscar\CGALib\include\Headers\ShadowBox.h(44,11): warning C4251: 'ShadowBox::maxs': struct 'glm::vec<3,float,glm::packed_highp>' needs to have dll-interface to be used by clients of class 'ShadowBox'
D:\Oscar Mendoza Toledo\Documents\Ingenieria\10Semestre\CGA\PF_Mendoza_Oscar\external\glm\glm\fwd.hpp(418): message : see declaration of 'glm::vec<3,float,glm::packed_highp>'
D:\Oscar Mendoza Toledo\Documents\Ingenieria\10Semestre\CGA\PF_Mendoza_Oscar\CGALib\src\ShadowBox.cpp(14,19): warning C4244: 'initializing': conversion from 'double' to 'float', possible loss of data
D:\Oscar Mendoza Toledo\Documents\Ingenieria\10Semestre\CGA\PF_Mendoza_Oscar\CGALib\src\ShadowBox.cpp(15,18): warning C4244: 'initializing': conversion from 'double' to 'float', possible loss of data
D:\Oscar Mendoza Toledo\Documents\Ingenieria\10Semestre\CGA\PF_Mendoza_Oscar\CGALib\src\ShadowBox.cpp(16,18): warning C4244: 'initializing': conversion from 'double' to 'float', possible loss of data
D:\Oscar Mendoza Toledo\Documents\Ingenieria\10Semestre\CGA\PF_Mendoza_Oscar\CGALib\src\ShadowBox.cpp(17,17): warning C4244: 'initializing': conversion from 'double' to 'float', possible loss of data
  Sphere.cpp
D:\Oscar Mendoza Toledo\Documents\Ingenieria\10Semestre\CGA\PF_Mendoza_Oscar\CGALib\include\Headers\AbstractModel.h(264,12): warning C4251: 'AbstractModel::position': struct 'glm::vec<3,float,glm::packed_highp>' needs to have dll-interface to be used by clients of class 'AbstractModel'
D:\Oscar Mendoza Toledo\Documents\Ingenieria\10Semestre\CGA\PF_Mendoza_Oscar\external\glm\glm\fwd.hpp(418): message : see declaration of 'glm::vec<3,float,glm::packed_highp>'
D:\Oscar Mendoza Toledo\Documents\Ingenieria\10Semestre\CGA\PF_Mendoza_Oscar\CGALib\include\Headers\AbstractModel.h(265,12): warning C4251: 'AbstractModel::scale': struct 'glm::vec<3,float,glm::packed_highp>' needs to have dll-interface to be used by clients of class 'AbstractModel'
D:\Oscar Mendoza Toledo\Documents\Ingenieria\10Semestre\CGA\PF_Mendoza_Oscar\external\glm\glm\fwd.hpp(418): message : see declaration of 'glm::vec<3,float,glm::packed_highp>'
D:\Oscar Mendoza Toledo\Documents\Ingenieria\10Semestre\CGA\PF_Mendoza_Oscar\CGALib\include\Headers\AbstractModel.h(266,12): warning C4251: 'AbstractModel::color': struct 'glm::vec<4,float,glm::packed_highp>' needs to have dll-interface to be used by clients of class 'AbstractModel'
D:\Oscar Mendoza Toledo\Documents\Ingenieria\10Semestre\CGA\PF_Mendoza_Oscar\external\glm\glm\fwd.hpp(419): message : see declaration of 'glm::vec<4,float,glm::packed_highp>'
D:\Oscar Mendoza Toledo\Documents\Ingenieria\10Semestre\CGA\PF_Mendoza_Oscar\CGALib\include\Headers\AbstractModel.h(267,12): warning C4251: 'AbstractModel::orientation': struct 'glm::vec<3,float,glm::packed_highp>' needs to have dll-interface to be used by clients of class 'AbstractModel'
D:\Oscar Mendoza Toledo\Documents\Ingenieria\10Semestre\CGA\PF_Mendoza_Oscar\external\glm\glm\fwd.hpp(418): message : see declaration of 'glm::vec<3,float,glm::packed_highp>'
D:\Oscar Mendoza Toledo\Documents\Ingenieria\10Semestre\CGA\PF_Mendoza_Oscar\CGALib\include\Headers\AbstractModel.h(269,22): warning C4251: 'AbstractModel::vertexArray': class 'std::vector<AbstractModel::Vertex,std::allocator<AbstractModel::Vertex>>' needs to have dll-interface to be used by clients of class 'AbstractModel'
D:\Oscar Mendoza Toledo\Documents\Ingenieria\10Semestre\CGA\PF_Mendoza_Oscar\CGALib\include\Headers\AbstractModel.h(245): message : see declaration of 'std::vector<AbstractModel::Vertex,std::allocator<AbstractModel::Vertex>>'
D:\Oscar Mendoza Toledo\Documents\Ingenieria\10Semestre\CGA\PF_Mendoza_Oscar\CGALib\include\Headers\AbstractModel.h(270,22): warning C4251: 'AbstractModel::index': class 'std::vector<GLuint,std::allocator<GLuint>>' needs to have dll-interface to be used by clients of class 'AbstractModel'
D:\Oscar Mendoza Toledo\Documents\Ingenieria\10Semestre\CGA\PF_Mendoza_Oscar\CGALib\include\Headers\AbstractModel.h(270): message : see declaration of 'std::vector<GLuint,std::allocator<GLuint>>'
D:\Oscar Mendoza Toledo\Documents\Ingenieria\10Semestre\CGA\PF_Mendoza_Oscar\CGALib\include\Headers\AbstractModel.h(271,7): warning C4251: 'AbstractModel::aabb': class 'AbstractModel::AABB' needs to have dll-interface to be used by clients of class 'AbstractModel'
D:\Oscar Mendoza Toledo\Documents\Ingenieria\10Semestre\CGA\PF_Mendoza_Oscar\CGALib\include\Headers\AbstractModel.h(65): message : see declaration of 'AbstractModel::AABB'
D:\Oscar Mendoza Toledo\Documents\Ingenieria\10Semestre\CGA\PF_Mendoza_Oscar\CGALib\include\Headers\AbstractModel.h(272,6): warning C4251: 'AbstractModel::sbb': class 'AbstractModel::SBB' needs to have dll-interface to be used by clients of class 'AbstractModel'
D:\Oscar Mendoza Toledo\Documents\Ingenieria\10Semestre\CGA\PF_Mendoza_Oscar\CGALib\include\Headers\AbstractModel.h(51): message : see declaration of 'AbstractModel::SBB'
D:\Oscar Mendoza Toledo\Documents\Ingenieria\10Semestre\CGA\PF_Mendoza_Oscar\CGALib\include\Headers\AbstractModel.h(273,6): warning C4251: 'AbstractModel::obb': class 'AbstractModel::OBB' needs to have dll-interface to be used by clients of class 'AbstractModel'
D:\Oscar Mendoza Toledo\Documents\Ingenieria\10Semestre\CGA\PF_Mendoza_Oscar\CGALib\include\Headers\AbstractModel.h(94): message : see declaration of 'AbstractModel::OBB'
D:\Oscar Mendoza Toledo\Documents\Ingenieria\10Semestre\CGA\PF_Mendoza_Oscar\CGALib\include\Headers\AbstractModel.h(75,17): warning C4244: '=': conversion from 'double' to 'T', possible loss of data
          with
          [
              T=float
          ]
D:\Oscar Mendoza Toledo\Documents\Ingenieria\10Semestre\CGA\PF_Mendoza_Oscar\CGALib\include\Headers\AbstractModel.h(76,17): warning C4244: '=': conversion from 'double' to 'T', possible loss of data
          with
          [
              T=float
          ]
D:\Oscar Mendoza Toledo\Documents\Ingenieria\10Semestre\CGA\PF_Mendoza_Oscar\CGALib\include\Headers\AbstractModel.h(77,17): warning C4244: '=': conversion from 'double' to 'T', possible loss of data
          with
          [
              T=float
          ]
D:\Oscar Mendoza Toledo\Documents\Ingenieria\10Semestre\CGA\PF_Mendoza_Oscar\CGALib\include\Headers\AbstractModel.h(78,17): warning C4244: '=': conversion from 'double' to 'T', possible loss of data
          with
          [
              T=float
          ]
D:\Oscar Mendoza Toledo\Documents\Ingenieria\10Semestre\CGA\PF_Mendoza_Oscar\CGALib\include\Headers\AbstractModel.h(79,17): warning C4244: '=': conversion from 'double' to 'T', possible loss of data
          with
          [
              T=float
          ]
D:\Oscar Mendoza Toledo\Documents\Ingenieria\10Semestre\CGA\PF_Mendoza_Oscar\CGALib\include\Headers\AbstractModel.h(80,17): warning C4244: '=': conversion from 'double' to 'T', possible loss of data
          with
          [
              T=float
          ]
D:\Oscar Mendoza Toledo\Documents\Ingenieria\10Semestre\CGA\PF_Mendoza_Oscar\CGALib\include\Headers\Sphere.h(39,6): warning C4251: 'Sphere::sbb': class 'AbstractModel::SBB' needs to have dll-interface to be used by clients of class 'Sphere'
D:\Oscar Mendoza Toledo\Documents\Ingenieria\10Semestre\CGA\PF_Mendoza_Oscar\CGALib\include\Headers\AbstractModel.h(51): message : see declaration of 'AbstractModel::SBB'
D:\Oscar Mendoza Toledo\Documents\Ingenieria\10Semestre\CGA\PF_Mendoza_Oscar\CGALib\src\Sphere.cpp(8,13): warning C4244: 'initializing': conversion from 'double' to 'float', possible loss of data
D:\Oscar Mendoza Toledo\Documents\Ingenieria\10Semestre\CGA\PF_Mendoza_Oscar\CGALib\src\Sphere.cpp(12,16): warning C4244: 'initializing': conversion from 'double' to 'float', possible loss of data
  Terrain.cpp
D:\Oscar Mendoza Toledo\Documents\Ingenieria\10Semestre\CGA\PF_Mendoza_Oscar\CGALib\include\Headers\AbstractModel.h(264,12): warning C4251: 'AbstractModel::position': struct 'glm::vec<3,float,glm::packed_highp>' needs to have dll-interface to be used by clients of class 'AbstractModel'
D:\Oscar Mendoza Toledo\Documents\Ingenieria\10Semestre\CGA\PF_Mendoza_Oscar\external\glm\glm\fwd.hpp(418): message : see declaration of 'glm::vec<3,float,glm::packed_highp>'
D:\Oscar Mendoza Toledo\Documents\Ingenieria\10Semestre\CGA\PF_Mendoza_Oscar\CGALib\include\Headers\AbstractModel.h(265,12): warning C4251: 'AbstractModel::scale': struct 'glm::vec<3,float,glm::packed_highp>' needs to have dll-interface to be used by clients of class 'AbstractModel'
D:\Oscar Mendoza Toledo\Documents\Ingenieria\10Semestre\CGA\PF_Mendoza_Oscar\external\glm\glm\fwd.hpp(418): message : see declaration of 'glm::vec<3,float,glm::packed_highp>'
D:\Oscar Mendoza Toledo\Documents\Ingenieria\10Semestre\CGA\PF_Mendoza_Oscar\CGALib\include\Headers\AbstractModel.h(266,12): warning C4251: 'AbstractModel::color': struct 'glm::vec<4,float,glm::packed_highp>' needs to have dll-interface to be used by clients of class 'AbstractModel'
D:\Oscar Mendoza Toledo\Documents\Ingenieria\10Semestre\CGA\PF_Mendoza_Oscar\external\glm\glm\fwd.hpp(419): message : see declaration of 'glm::vec<4,float,glm::packed_highp>'
D:\Oscar Mendoza Toledo\Documents\Ingenieria\10Semestre\CGA\PF_Mendoza_Oscar\CGALib\include\Headers\AbstractModel.h(267,12): warning C4251: 'AbstractModel::orientation': struct 'glm::vec<3,float,glm::packed_highp>' needs to have dll-interface to be used by clients of class 'AbstractModel'
D:\Oscar Mendoza Toledo\Documents\Ingenieria\10Semestre\CGA\PF_Mendoza_Oscar\external\glm\glm\fwd.hpp(418): message : see declaration of 'glm::vec<3,float,glm::packed_highp>'
D:\Oscar Mendoza Toledo\Documents\Ingenieria\10Semestre\CGA\PF_Mendoza_Oscar\CGALib\include\Headers\AbstractModel.h(269,22): warning C4251: 'AbstractModel::vertexArray': class 'std::vector<AbstractModel::Vertex,std::allocator<AbstractModel::Vertex>>' needs to have dll-interface to be used by clients of class 'AbstractModel'
D:\Oscar Mendoza Toledo\Documents\Ingenieria\10Semestre\CGA\PF_Mendoza_Oscar\CGALib\include\Headers\AbstractModel.h(245): message : see declaration of 'std::vector<AbstractModel::Vertex,std::allocator<AbstractModel::Vertex>>'
D:\Oscar Mendoza Toledo\Documents\Ingenieria\10Semestre\CGA\PF_Mendoza_Oscar\CGALib\include\Headers\AbstractModel.h(270,22): warning C4251: 'AbstractModel::index': class 'std::vector<GLuint,std::allocator<GLuint>>' needs to have dll-interface to be used by clients of class 'AbstractModel'
D:\Oscar Mendoza Toledo\Documents\Ingenieria\10Semestre\CGA\PF_Mendoza_Oscar\CGALib\include\Headers\AbstractModel.h(270): message : see declaration of 'std::vector<GLuint,std::allocator<GLuint>>'
D:\Oscar Mendoza Toledo\Documents\Ingenieria\10Semestre\CGA\PF_Mendoza_Oscar\CGALib\include\Headers\AbstractModel.h(271,7): warning C4251: 'AbstractModel::aabb': class 'AbstractModel::AABB' needs to have dll-interface to be used by clients of class 'AbstractModel'
D:\Oscar Mendoza Toledo\Documents\Ingenieria\10Semestre\CGA\PF_Mendoza_Oscar\CGALib\include\Headers\AbstractModel.h(65): message : see declaration of 'AbstractModel::AABB'
D:\Oscar Mendoza Toledo\Documents\Ingenieria\10Semestre\CGA\PF_Mendoza_Oscar\CGALib\include\Headers\AbstractModel.h(272,6): warning C4251: 'AbstractModel::sbb': class 'AbstractModel::SBB' needs to have dll-interface to be used by clients of class 'AbstractModel'
D:\Oscar Mendoza Toledo\Documents\Ingenieria\10Semestre\CGA\PF_Mendoza_Oscar\CGALib\include\Headers\AbstractModel.h(51): message : see declaration of 'AbstractModel::SBB'
D:\Oscar Mendoza Toledo\Documents\Ingenieria\10Semestre\CGA\PF_Mendoza_Oscar\CGALib\include\Headers\AbstractModel.h(273,6): warning C4251: 'AbstractModel::obb': class 'AbstractModel::OBB' needs to have dll-interface to be used by clients of class 'AbstractModel'
D:\Oscar Mendoza Toledo\Documents\Ingenieria\10Semestre\CGA\PF_Mendoza_Oscar\CGALib\include\Headers\AbstractModel.h(94): message : see declaration of 'AbstractModel::OBB'
D:\Oscar Mendoza Toledo\Documents\Ingenieria\10Semestre\CGA\PF_Mendoza_Oscar\CGALib\include\Headers\AbstractModel.h(75,17): warning C4244: '=': conversion from 'double' to 'T', possible loss of data
          with
          [
              T=float
          ]
D:\Oscar Mendoza Toledo\Documents\Ingenieria\10Semestre\CGA\PF_Mendoza_Oscar\CGALib\include\Headers\AbstractModel.h(76,17): warning C4244: '=': conversion from 'double' to 'T', possible loss of data
          with
          [
              T=float
          ]
D:\Oscar Mendoza Toledo\Documents\Ingenieria\10Semestre\CGA\PF_Mendoza_Oscar\CGALib\include\Headers\AbstractModel.h(77,17): warning C4244: '=': conversion from 'double' to 'T', possible loss of data
          with
          [
              T=float
          ]
D:\Oscar Mendoza Toledo\Documents\Ingenieria\10Semestre\CGA\PF_Mendoza_Oscar\CGALib\include\Headers\AbstractModel.h(78,17): warning C4244: '=': conversion from 'double' to 'T', possible loss of data
          with
          [
              T=float
          ]
D:\Oscar Mendoza Toledo\Documents\Ingenieria\10Semestre\CGA\PF_Mendoza_Oscar\CGALib\include\Headers\AbstractModel.h(79,17): warning C4244: '=': conversion from 'double' to 'T', possible loss of data
          with
          [
              T=float
          ]
D:\Oscar Mendoza Toledo\Documents\Ingenieria\10Semestre\CGA\PF_Mendoza_Oscar\CGALib\include\Headers\AbstractModel.h(80,17): warning C4244: '=': conversion from 'double' to 'T', possible loss of data
          with
          [
              T=float
          ]
D:\Oscar Mendoza Toledo\Documents\Ingenieria\10Semestre\CGA\PF_Mendoza_Oscar\CGALib\include\Headers\Texture.h(66,14): warning C4251: 'Texture::m_fileName': class 'std::basic_string<char,std::char_traits<char>,std::allocator<char>>' needs to have dll-interface to be used by clients of class 'Texture'
C:\Program Files (x86)\Microsoft Visual Studio\2019\Community\VC\Tools\MSVC\14.29.30037\include\xstring(4905): message : see declaration of 'std::basic_string<char,std::char_traits<char>,std::allocator<char>>'
D:\Oscar Mendoza Toledo\Documents\Ingenieria\10Semestre\CGA\PF_Mendoza_Oscar\CGALib\include\Headers\Texture.h(69,14): warning C4251: 'Texture::type': class 'std::basic_string<char,std::char_traits<char>,std::allocator<char>>' needs to have dll-interface to be used by clients of class 'Texture'
C:\Program Files (x86)\Microsoft Visual Studio\2019\Community\VC\Tools\MSVC\14.29.30037\include\xstring(4905): message : see declaration of 'std::basic_string<char,std::char_traits<char>,std::allocator<char>>'
D:\Oscar Mendoza Toledo\Documents\Ingenieria\10Semestre\CGA\PF_Mendoza_Oscar\CGALib\include\Headers\Terrain.h(50,14): warning C4251: 'Terrain::heightMap': class 'std::basic_string<char,std::char_traits<char>,std::allocator<char>>' needs to have dll-interface to be used by clients of class 'Terrain'
C:\Program Files (x86)\Microsoft Visual Studio\2019\Community\VC\Tools\MSVC\14.29.30037\include\xstring(4905): message : see declaration of 'std::basic_string<char,std::char_traits<char>,std::allocator<char>>'
D:\Oscar Mendoza Toledo\Documents\Ingenieria\10Semestre\CGA\PF_Mendoza_Oscar\CGALib\src\Terrain.cpp(113,12): warning C4244: 'initializing': conversion from 'float' to 'int', possible loss of data
D:\Oscar Mendoza Toledo\Documents\Ingenieria\10Semestre\CGA\PF_Mendoza_Oscar\CGALib\src\Terrain.cpp(114,12): warning C4244: 'initializing': conversion from 'float' to 'int', possible loss of data
D:\Oscar Mendoza Toledo\Documents\Ingenieria\10Semestre\CGA\PF_Mendoza_Oscar\CGALib\src\Terrain.cpp(139,12): warning C4244: 'initializing': conversion from 'float' to 'int', possible loss of data
D:\Oscar Mendoza Toledo\Documents\Ingenieria\10Semestre\CGA\PF_Mendoza_Oscar\CGALib\src\Terrain.cpp(140,12): warning C4244: 'initializing': conversion from 'float' to 'int', possible loss of data
  Texture.cpp
D:\Oscar Mendoza Toledo\Documents\Ingenieria\10Semestre\CGA\PF_Mendoza_Oscar\CGALib\include\Headers\Texture.h(66,14): warning C4251: 'Texture::m_fileName': class 'std::basic_string<char,std::char_traits<char>,std::allocator<char>>' needs to have dll-interface to be used by clients of class 'Texture'
C:\Program Files (x86)\Microsoft Visual Studio\2019\Community\VC\Tools\MSVC\14.29.30037\include\xstring(4905): message : see declaration of 'std::basic_string<char,std::char_traits<char>,std::allocator<char>>'
D:\Oscar Mendoza Toledo\Documents\Ingenieria\10Semestre\CGA\PF_Mendoza_Oscar\CGALib\include\Headers\Texture.h(69,14): warning C4251: 'Texture::type': class 'std::basic_string<char,std::char_traits<char>,std::allocator<char>>' needs to have dll-interface to be used by clients of class 'Texture'
C:\Program Files (x86)\Microsoft Visual Studio\2019\Community\VC\Tools\MSVC\14.29.30037\include\xstring(4905): message : see declaration of 'std::basic_string<char,std::char_traits<char>,std::allocator<char>>'
  ThirdPersonCamera.cpp
D:\Oscar Mendoza Toledo\Documents\Ingenieria\10Semestre\CGA\PF_Mendoza_Oscar\CGALib\include\Headers\Camera.h(111,12): warning C4251: 'Camera::position': struct 'glm::vec<3,float,glm::packed_highp>' needs to have dll-interface to be used by clients of class 'Camera'
D:\Oscar Mendoza Toledo\Documents\Ingenieria\10Semestre\CGA\PF_Mendoza_Oscar\external\glm\glm\fwd.hpp(418): message : see declaration of 'glm::vec<3,float,glm::packed_highp>'
D:\Oscar Mendoza Toledo\Documents\Ingenieria\10Semestre\CGA\PF_Mendoza_Oscar\CGALib\include\Headers\Camera.h(112,12): warning C4251: 'Camera::front': struct 'glm::vec<3,float,glm::packed_highp>' needs to have dll-interface to be used by clients of class 'Camera'
D:\Oscar Mendoza Toledo\Documents\Ingenieria\10Semestre\CGA\PF_Mendoza_Oscar\external\glm\glm\fwd.hpp(418): message : see declaration of 'glm::vec<3,float,glm::packed_highp>'
D:\Oscar Mendoza Toledo\Documents\Ingenieria\10Semestre\CGA\PF_Mendoza_Oscar\CGALib\include\Headers\Camera.h(113,12): warning C4251: 'Camera::up': struct 'glm::vec<3,float,glm::packed_highp>' needs to have dll-interface to be used by clients of class 'Camera'
D:\Oscar Mendoza Toledo\Documents\Ingenieria\10Semestre\CGA\PF_Mendoza_Oscar\external\glm\glm\fwd.hpp(418): message : see declaration of 'glm::vec<3,float,glm::packed_highp>'
D:\Oscar Mendoza Toledo\Documents\Ingenieria\10Semestre\CGA\PF_Mendoza_Oscar\CGALib\include\Headers\Camera.h(114,12): warning C4251: 'Camera::right': struct 'glm::vec<3,float,glm::packed_highp>' needs to have dll-interface to be used by clients of class 'Camera'
D:\Oscar Mendoza Toledo\Documents\Ingenieria\10Semestre\CGA\PF_Mendoza_Oscar\external\glm\glm\fwd.hpp(418): message : see declaration of 'glm::vec<3,float,glm::packed_highp>'
D:\Oscar Mendoza Toledo\Documents\Ingenieria\10Semestre\CGA\PF_Mendoza_Oscar\CGALib\include\Headers\Camera.h(115,12): warning C4251: 'Camera::worldUp': struct 'glm::vec<3,float,glm::packed_highp>' needs to have dll-interface to be used by clients of class 'Camera'
D:\Oscar Mendoza Toledo\Documents\Ingenieria\10Semestre\CGA\PF_Mendoza_Oscar\external\glm\glm\fwd.hpp(418): message : see declaration of 'glm::vec<3,float,glm::packed_highp>'
D:\Oscar Mendoza Toledo\Documents\Ingenieria\10Semestre\CGA\PF_Mendoza_Oscar\CGALib\include\Headers\Camera.h(117,12): warning C4251: 'Camera::cameraTarget': struct 'glm::vec<3,float,glm::packed_highp>' needs to have dll-interface to be used by clients of class 'Camera'
D:\Oscar Mendoza Toledo\Documents\Ingenieria\10Semestre\CGA\PF_Mendoza_Oscar\external\glm\glm\fwd.hpp(418): message : see declaration of 'glm::vec<3,float,glm::packed_highp>'
D:\Oscar Mendoza Toledo\Documents\Ingenieria\10Semestre\CGA\PF_Mendoza_Oscar\CGALib\src\ThirdPersonCamera.cpp(23,32): warning C4305: '=': truncation from 'double' to 'float'
D:\Oscar Mendoza Toledo\Documents\Ingenieria\10Semestre\CGA\PF_Mendoza_Oscar\CGALib\src\ThirdPersonCamera.cpp(25,33): warning C4305: '=': truncation from 'double' to 'float'
  TimeManager.cpp
     Creating library D:\Oscar Mendoza Toledo\Documents\Ingenieria\10Semestre\CGA\PF_Mendoza_Oscar\15-ProyectoFinal\Release\CGALib.lib and object D:\Oscar Mendoza Toledo\Documents\Ingenieria\10Semestre\CGA\PF_Mendoza_Oscar\15-ProyectoFinal\Release\CGALib.exp
  Generating code
  1323 of 1341 functions (98.7%) were compiled, the rest were copied from previous compilation.
    0 functions were new in current compilation
    2 functions had inline decision re-evaluated but remain unchanged
  Finished generating code
  CGALib.vcxproj -> D:\Oscar Mendoza Toledo\Documents\Ingenieria\10Semestre\CGA\PF_Mendoza_Oscar\15-ProyectoFinal\Release\CGALib.dll
