d:\oscar mendoza toledo\documents\ingenieria\10semestre\cga\computaciongraficaavanzada\release\cgalib.lib
d:\oscar mendoza toledo\documents\ingenieria\10semestre\cga\computaciongraficaavanzada\release\cgalib.exp
d:\oscar mendoza toledo\documents\ingenieria\10semestre\cga\computaciongraficaavanzada\cgalib\release\vc142.pdb
d:\oscar mendoza toledo\documents\ingenieria\10semestre\cga\computaciongraficaavanzada\cgalib\release\timemanager.obj
d:\oscar mendoza toledo\documents\ingenieria\10semestre\cga\computaciongraficaavanzada\cgalib\release\thirdpersoncamera.obj
d:\oscar mendoza toledo\documents\ingenieria\10semestre\cga\computaciongraficaavanzada\cgalib\release\texture.obj
d:\oscar mendoza toledo\documents\ingenieria\10semestre\cga\computaciongraficaavanzada\cgalib\release\terrain.obj
d:\oscar mendoza toledo\documents\ingenieria\10semestre\cga\computaciongraficaavanzada\cgalib\release\sphere.obj
d:\oscar mendoza toledo\documents\ingenieria\10semestre\cga\computaciongraficaavanzada\cgalib\release\shadowbox.obj
d:\oscar mendoza toledo\documents\ingenieria\10semestre\cga\computaciongraficaavanzada\cgalib\release\shader.obj
d:\oscar mendoza toledo\documents\ingenieria\10semestre\cga\computaciongraficaavanzada\cgalib\release\model.obj
d:\oscar mendoza toledo\documents\ingenieria\10semestre\cga\computaciongraficaavanzada\cgalib\release\mesh.obj
d:\oscar mendoza toledo\documents\ingenieria\10semestre\cga\computaciongraficaavanzada\cgalib\release\firstpersoncamera.obj
d:\oscar mendoza toledo\documents\ingenieria\10semestre\cga\computaciongraficaavanzada\cgalib\release\cylinder.obj
d:\oscar mendoza toledo\documents\ingenieria\10semestre\cga\computaciongraficaavanzada\cgalib\release\box.obj
d:\oscar mendoza toledo\documents\ingenieria\10semestre\cga\computaciongraficaavanzada\cgalib\release\bones.obj
d:\oscar mendoza toledo\documents\ingenieria\10semestre\cga\computaciongraficaavanzada\cgalib\release\cgalib.ipdb
d:\oscar mendoza toledo\documents\ingenieria\10semestre\cga\computaciongraficaavanzada\cgalib\release\cgalib.iobj
d:\oscar mendoza toledo\documents\ingenieria\10semestre\cga\computaciongraficaavanzada\release\cgalib.pdb
d:\oscar mendoza toledo\documents\ingenieria\10semestre\cga\computaciongraficaavanzada\cgalib\release\cgalib.tlog\cgalib.write.1u.tlog
d:\oscar mendoza toledo\documents\ingenieria\10semestre\cga\computaciongraficaavanzada\cgalib\release\cgalib.tlog\cl.command.1.tlog
d:\oscar mendoza toledo\documents\ingenieria\10semestre\cga\computaciongraficaavanzada\cgalib\release\cgalib.tlog\cl.read.1.tlog
d:\oscar mendoza toledo\documents\ingenieria\10semestre\cga\computaciongraficaavanzada\cgalib\release\cgalib.tlog\cl.write.1.tlog
d:\oscar mendoza toledo\documents\ingenieria\10semestre\cga\computaciongraficaavanzada\cgalib\release\cgalib.tlog\link.command.1.tlog
d:\oscar mendoza toledo\documents\ingenieria\10semestre\cga\computaciongraficaavanzada\cgalib\release\cgalib.tlog\link.read.1.tlog
d:\oscar mendoza toledo\documents\ingenieria\10semestre\cga\computaciongraficaavanzada\cgalib\release\cgalib.tlog\link.write.1.tlog
