     Creating library D:\Oscar Mendoza Toledo\Documents\Ingenieria\10Semestre\CGA\ComputacionGraficaAvanzada\Release\12-ParticulasFeedback.lib and object D:\Oscar Mendoza Toledo\Documents\Ingenieria\10Semestre\CGA\ComputacionGraficaAvanzada\Release\12-ParticulasFeedback.exp
LINK : warning LNK4098: defaultlib 'MSVCRTD' conflicts with use of other libs; use /NODEFAULTLIB:library
  Generating code
  0 of 1493 functions ( 0.0%) were compiled, the rest were copied from previous compilation.
    0 functions were new in current compilation
    0 functions had inline decision re-evaluated but remain unchanged
  Finished generating code
glfw3.lib(context.obj) : warning LNK4099: PDB 'glfw.pdb' was not found with 'glfw3.lib(context.obj)' or at 'D:\Oscar Mendoza Toledo\Documents\Ingenieria\10Semestre\CGA\ComputacionGraficaAvanzada\Release\glfw.pdb'; linking object as if no debug info
glfw3.lib(init.obj) : warning LNK4099: PDB 'glfw.pdb' was not found with 'glfw3.lib(init.obj)' or at 'D:\Oscar Mendoza Toledo\Documents\Ingenieria\10Semestre\CGA\ComputacionGraficaAvanzada\Release\glfw.pdb'; linking object as if no debug info
glfw3.lib(input.obj) : warning LNK4099: PDB 'glfw.pdb' was not found with 'glfw3.lib(input.obj)' or at 'D:\Oscar Mendoza Toledo\Documents\Ingenieria\10Semestre\CGA\ComputacionGraficaAvanzada\Release\glfw.pdb'; linking object as if no debug info
glfw3.lib(monitor.obj) : warning LNK4099: PDB 'glfw.pdb' was not found with 'glfw3.lib(monitor.obj)' or at 'D:\Oscar Mendoza Toledo\Documents\Ingenieria\10Semestre\CGA\ComputacionGraficaAvanzada\Release\glfw.pdb'; linking object as if no debug info
glfw3.lib(vulkan.obj) : warning LNK4099: PDB 'glfw.pdb' was not found with 'glfw3.lib(vulkan.obj)' or at 'D:\Oscar Mendoza Toledo\Documents\Ingenieria\10Semestre\CGA\ComputacionGraficaAvanzada\Release\glfw.pdb'; linking object as if no debug info
glfw3.lib(window.obj) : warning LNK4099: PDB 'glfw.pdb' was not found with 'glfw3.lib(window.obj)' or at 'D:\Oscar Mendoza Toledo\Documents\Ingenieria\10Semestre\CGA\ComputacionGraficaAvanzada\Release\glfw.pdb'; linking object as if no debug info
glfw3.lib(win32_init.obj) : warning LNK4099: PDB 'glfw.pdb' was not found with 'glfw3.lib(win32_init.obj)' or at 'D:\Oscar Mendoza Toledo\Documents\Ingenieria\10Semestre\CGA\ComputacionGraficaAvanzada\Release\glfw.pdb'; linking object as if no debug info
glfw3.lib(win32_joystick.obj) : warning LNK4099: PDB 'glfw.pdb' was not found with 'glfw3.lib(win32_joystick.obj)' or at 'D:\Oscar Mendoza Toledo\Documents\Ingenieria\10Semestre\CGA\ComputacionGraficaAvanzada\Release\glfw.pdb'; linking object as if no debug info
glfw3.lib(win32_monitor.obj) : warning LNK4099: PDB 'glfw.pdb' was not found with 'glfw3.lib(win32_monitor.obj)' or at 'D:\Oscar Mendoza Toledo\Documents\Ingenieria\10Semestre\CGA\ComputacionGraficaAvanzada\Release\glfw.pdb'; linking object as if no debug info
glfw3.lib(win32_time.obj) : warning LNK4099: PDB 'glfw.pdb' was not found with 'glfw3.lib(win32_time.obj)' or at 'D:\Oscar Mendoza Toledo\Documents\Ingenieria\10Semestre\CGA\ComputacionGraficaAvanzada\Release\glfw.pdb'; linking object as if no debug info
glfw3.lib(win32_tls.obj) : warning LNK4099: PDB 'glfw.pdb' was not found with 'glfw3.lib(win32_tls.obj)' or at 'D:\Oscar Mendoza Toledo\Documents\Ingenieria\10Semestre\CGA\ComputacionGraficaAvanzada\Release\glfw.pdb'; linking object as if no debug info
glfw3.lib(win32_window.obj) : warning LNK4099: PDB 'glfw.pdb' was not found with 'glfw3.lib(win32_window.obj)' or at 'D:\Oscar Mendoza Toledo\Documents\Ingenieria\10Semestre\CGA\ComputacionGraficaAvanzada\Release\glfw.pdb'; linking object as if no debug info
glfw3.lib(wgl_context.obj) : warning LNK4099: PDB 'glfw.pdb' was not found with 'glfw3.lib(wgl_context.obj)' or at 'D:\Oscar Mendoza Toledo\Documents\Ingenieria\10Semestre\CGA\ComputacionGraficaAvanzada\Release\glfw.pdb'; linking object as if no debug info
glfw3.lib(egl_context.obj) : warning LNK4099: PDB 'glfw.pdb' was not found with 'glfw3.lib(egl_context.obj)' or at 'D:\Oscar Mendoza Toledo\Documents\Ingenieria\10Semestre\CGA\ComputacionGraficaAvanzada\Release\glfw.pdb'; linking object as if no debug info
  12-ParticulasFeedback.vcxproj -> D:\Oscar Mendoza Toledo\Documents\Ingenieria\10Semestre\CGA\ComputacionGraficaAvanzada\Release\12-ParticulasFeedback.exe
